[www.21fitnessgym.com/index.html]
[backblue.gif]
[fade.gif]
[index.html]
[cdn.jsdelivr.net/npm/bootstrap@5.1.3/dist/css/bootstrap.min.css]
[cdnjs.cloudflare.com/ajax/libs/font-awesome/5.15.4/css/all.min.css]
[www.21fitnessgym.com/assets/themes/theme-1/images/logo.png]
[www.21fitnessgym.com/our-gym.html]
[www.21fitnessgym.com/anand-vihar.html]
[www.21fitnessgym.com/Gk2Delhi.html]
[www.21fitnessgym.com/why-join-us.html]
[www.21fitnessgym.com/classes-and-programs.html]
[www.21fitnessgym.com/gallery.html]
[www.21fitnessgym.com/faq.html]
[www.21fitnessgym.com/offers.html]
[www.21fitnessgym.com/contact-us.html]
[www.21fitnessgym.com/franchise/fitness-franchise.html]
[www.21fitnessgym.com/join-now.html]
[unpkg.com/swiper@8/swiper-bundle.min.11.delayed]
[unpkg.com/swiper@8.4.4/swiper-bundle.min.css]
[unpkg.com/aos@2.3.1/dist/aos.css]
[www.21fitnessgym.com/assets/themes/theme-1/images/C0005-8mb.mp4]
[www.21fitnessgym.com/assets/themes/theme-1/images/scroll-icon.png]
[www.21fitnessgym.com/assets/themes/theme-1/images/story-img.png]
[www.21fitnessgym.com/assets/themes/theme-1/images/story-icon1.png]
[www.21fitnessgym.com/assets/themes/theme-1/images/story-icon3.png]
[www.21fitnessgym.com/assets/themes/theme-1/images/story-icon2.png]
[www.21fitnessgym.com/assets/themes/theme-1/images/gal-dots.png]
[www.21fitnessgym.com/assets/themes/theme-1/images/gal-right-blob.png]
[www.21fitnessgym.com/assets/themes/theme-1/images/ft-gla1.png]
[www.21fitnessgym.com/assets/themes/theme-1/images/gl-img.png]
[www.21fitnessgym.com/assets/themes/theme-1/images/ft-gla2.png]
[www.21fitnessgym.com/assets/themes/theme-1/images/ft-gla3.png]
[www.21fitnessgym.com/assets/themes/theme-1/images/ft-gla4.png]
[www.21fitnessgym.com/assets/themes/theme-1/images/ft-gla5.png]
[www.21fitnessgym.com/assets/themes/theme-1/images/ft-gla6.png]
[www.21fitnessgym.com/assets/themes/theme-1/images/quote.png]
[www.21fitnessgym.com/testimonial.html]
[www.21fitnessgym.com/assets/themes/theme-1/images/arrow-left.png]
[www.21fitnessgym.com/assets/themes/theme-1/images/arrow-right.png]
[www.21fitnessgym.com/assets/themes/theme-1/images/testi-girl.png]
[www.21fitnessgym.com/assets/themes/theme-1/images/svg-bg.png]
[www.21fitnessgym.com/assets/themes/theme-1/images/svg-outer.png]
[www.21fitnessgym.com/assets/themes/theme-1/images/body-buuilder1.png]
[www.21fitnessgym.com/assets/themes/theme-1/images/fts1.png]
[www.21fitnessgym.com/assets/themes/theme-1/images/fts2.png]
[www.21fitnessgym.com/assets/themes/theme-1/images/fts3.png]
[www.21fitnessgym.com/assets/themes/theme-1/images/fts4.png]
[www.21fitnessgym.com/blog-detail/tips-to-kick-start-your-morning.html]
[www.21fitnessgym.com/storage/blogs/230322115527-blog-img1.png]
[www.21fitnessgym.com/blog-detail/how-to-open-a-successful-gym-franchise-in-india.html]
[www.21fitnessgym.com/storage/blogs/230322012223-DSC04328(2).jpg]
[www.21fitnessgym.com/blog-detail/how-to-run-a-successful-gym.html]
[www.21fitnessgym.com/storage/blogs/230322115441-blog-img3.png]
[www.21fitnessgym.com/blogs.html]
[www.21fitnessgym.com/assets/themes/theme-1/images/gtr1.png]
[www.21fitnessgym.com/assets/themes/theme-1/images/gtr2.png]
[www.21fitnessgym.com/assets/themes/theme-1/images/gtr3.png]
[www.21fitnessgym.com/assets/themes/theme-1/images/footer-logo.png]
[www.21fitnessgym.com/assets/themes/theme-1/images/footer-image.png]
[www.21fitnessgym.com/assets/themes/theme-1/images/designed-by.png]
[ajax.googleapis.com/ajax/libs/jquery/3.5.1/jquery.min.js]
[www.21fitnessgym.com/assets/themes/theme-1/js/script.js]
[unpkg.com/swiper@8/swiper-bundle.min.3e.delayed]
[unpkg.com/aos@2.3.1/dist/aos.js]
[www.21fitnessgym.com/index.html]
[www.21fitnessgym.com/favicon.ico]
[cdn.jsdelivr.net/npm/bootstrap@5.1.3/dist/css/bootstrap.min.css]
[cdnjs.cloudflare.com/ajax/libs/font-awesome/5.15.4/css/all.min.css]
[www.21fitnessgym.com/assets/themes/theme-1/fonts/SF-Pro-Display-Regular.woff2]
[unpkg.com/swiper@8.4.4/swiper-bundle.min.js]
[www.21fitnessgym.com/assets/themes/theme-1/fonts/SF-Pro-Display-Black.woff2]
[www.21fitnessgym.com/assets/themes/theme-1/fonts/SF-Pro-Display-Heavy.woff2]
[www.21fitnessgym.com/assets/themes/theme-1/fonts/SF-Pro-Display-Bold.woff2]
[www.21fitnessgym.com/assets/themes/theme-1/fonts/SF-Pro-Display-Semibold.woff2]
[www.21fitnessgym.com/assets/themes/theme-1/fonts/SF-Pro-Display-Medium.woff2]
[www.21fitnessgym.com/assets/themes/theme-1/fonts/SF-Pro-Display-Thin.woff2]
[www.21fitnessgym.com/assets/themes/theme-1/fonts/SF-Pro-Display-Ultralight.woff2]
[www.21fitnessgym.com/assets/themes/theme-1/fonts/viper_nora.otf]
[www.21fitnessgym.com/assets/themes/theme-1/fonts/TitlingGothicFBComp-Regular.woff2]
[www.21fitnessgym.com/assets/themes/theme-1/images/footer-bg.png]
[www.21fitnessgym.com/assets/themes/theme-1/images/our-gym-banner.png]
[www.21fitnessgym.com/assets/themes/theme-1/images/when-join-bg.png]
[www.21fitnessgym.com/assets/themes/theme-1/images/fch-banner.jpg]
[www.21fitnessgym.com/assets/themes/theme-1/images/wf-bg.png]
[www.21fitnessgym.com/assets/themes/theme-1/images/ready-move-bg.png]
[www.21fitnessgym.com/assets/themes/theme-1/images/band-top-bg.png]
[www.21fitnessgym.com/assets/themes/theme-1/images/band-bg.png]
[www.21fitnessgym.com/assets/themes/theme-1/images/fch-inner-bg.png]
[www.21fitnessgym.com/assets/themes/theme-1/images/prl-bg.png]
[www.21fitnessgym.com/assets/themes/theme-1/images/gal-search-icon.png]
[www.21fitnessgym.com/assets/themes/theme-1/images/thank-you-bg.jpg]
[www.21fitnessgym.com/assets/themes/theme-1/css/style7b30.css]
[www.21fitnessgym.com/assets/themes/theme-1/css/media7b30.css]
[www.21fitnessgym.com/assets/themes/theme-1/images/gym-img1.png]
[www.21fitnessgym.com/assets/themes/theme-1/images/addr-icon1.png]
[www.21fitnessgym.com/assets/themes/theme-1/images/addr-icon2.png]
[www.21fitnessgym.com/assets/themes/theme-1/images/addr-icon3.png]
[www.21fitnessgym.com/assets/themes/theme-1/images/gym-img2.png]
[www.21fitnessgym.com/assets/themes/theme-1/images/map.png]
[www.21fitnessgym.com/our-gym.html]
[www.21fitnessgym.com/assets/themes/theme-1/images/av1.jpg]
[www.21fitnessgym.com/assets/themes/theme-1/images/av2.jpg]
[www.21fitnessgym.com/assets/themes/theme-1/images/av3.jpg]
[www.21fitnessgym.com/assets/themes/theme-1/images/av4.jpg]
[www.21fitnessgym.com/assets/themes/theme-1/images/adr-icon1.png]
[www.21fitnessgym.com/assets/themes/theme-1/images/adr-icon2.png]
[www.21fitnessgym.com/assets/themes/theme-1/images/adr-icon3.png]
[www.21fitnessgym.com/assets/themes/theme-1/images/adr-icon4.png]
[www.21fitnessgym.com/assets/themes/theme-1/images/abut-img1.png]
[www.21fitnessgym.com/assets/themes/theme-1/images/abut-img2.png]
[www.21fitnessgym.com/assets/themes/theme-1/images/abut-img3.png]
[www.21fitnessgym.com/assets/themes/theme-1/images/abut-img4.png]
[www.21fitnessgym.com/assets/themes/theme-1/images/abut-img5.png]
[www.21fitnessgym.com/assets/themes/theme-1/images/abut-img6.png]
[www.21fitnessgym.com/assets/themes/theme-1/images/abut-img7.png]
[www.21fitnessgym.com/assets/themes/theme-1/images/abut-img8.png]
[www.21fitnessgym.com/assets/themes/theme-1/images/abut-img9.png]
[www.21fitnessgym.com/assets/themes/theme-1/images/abut-img10.png]
[www.21fitnessgym.com/assets/themes/theme-1/images/abut-img11.png]
[www.21fitnessgym.com/assets/themes/theme-1/images/abut-img12.png]
[www.21fitnessgym.com/assets/themes/theme-1/images/abut-img13.png]
[www.21fitnessgym.com/assets/themes/theme-1/images/abut-img14.png]
[www.21fitnessgym.com/assets/themes/theme-1/images/abut-img15.png]
[www.21fitnessgym.com/anand-vihar.html]
[cdn.jsdelivr.net/npm/@fancyapps/ui/dist/fancybox.css]
[www.21fitnessgym.com/assets/themes/theme-1/images/gk1.jpg]
[www.21fitnessgym.com/assets/themes/theme-1/images/gk2.jpg]
[www.21fitnessgym.com/assets/themes/theme-1/images/gk3.jpg]
